<?xml version="1.0" encoding="UTF-8" ?>
<testsuite tests="7" failures="0" name="ru.sfedu.Test.api.DataProviderCSVTest" time="0.864" errors="0" skipped="0">
  <properties>
[...]
</properties>
  <testcase classname="ru.sfedu.Test.api.DataProviderCSVTest" name="testUpdatePositive" time="0.761"/>
  <testcase classname="ru.sfedu.Test.api.DataProviderCSVTest" name="testGettersPositive" time="0.036"/>
  <testcase classname="ru.sfedu.Test.api.DataProviderCSVTest" name="testUpdateNegative" time="0.006"/>
  <testcase classname="ru.sfedu.Test.api.DataProviderCSVTest" name="testGettersNegative" time="0.005"/>
  <testcase classname="ru.sfedu.Test.api.DataProviderCSVTest" name="testAppend" time="0.02"/>
  <testcase classname="ru.sfedu.Test.api.DataProviderCSVTest" name="testDeletePositive" time="0.03"/>
  <testcase classname="ru.sfedu.Test.api.DataProviderCSVTest" name="testDeleteNegative" time="0.006"/>
</testsuite>