<?xml version="1.0" encoding="UTF-8" ?>
<testsuite tests="17" failures="0" name="ru.sfedu.Test.model.beans.FilmTest" time="0" errors="0" skipped="0">
  <properties>
[...]
</properties>
  <testcase classname="ru.sfedu.Test.model.beans.FilmTest" name="testTestEqualsNegative" time="0"/>
  <testcase classname="ru.sfedu.Test.model.beans.FilmTest" name="testGetYearNegative" time="0"/>
  <testcase classname="ru.sfedu.Test.model.beans.FilmTest" name="testSetYearExceptionClass" time="0"/>
  <testcase classname="ru.sfedu.Test.model.beans.FilmTest" name="testSetYearPositive" time="0"/>
  <testcase classname="ru.sfedu.Test.model.beans.FilmTest" name="testSetYearNegative" time="0"/>
  <testcase classname="ru.sfedu.Test.model.beans.FilmTest" name="testSetNameExceptionClass" time="0"/>
  <testcase classname="ru.sfedu.Test.model.beans.FilmTest" name="testSetNamePositive" time="0"/>
  <testcase classname="ru.sfedu.Test.model.beans.FilmTest" name="testSetNameNegative" time="0"/>
  <testcase classname="ru.sfedu.Test.model.beans.FilmTest" name="testSetNameExceptionMessage" time="0"/>
  <testcase classname="ru.sfedu.Test.model.beans.FilmTest" name="testSetYearExceptionMessage" time="0"/>
  <testcase classname="ru.sfedu.Test.model.beans.FilmTest" name="testTestToStringPositive" time="0"/>
  <testcase classname="ru.sfedu.Test.model.beans.FilmTest" name="testTestToStringNegative" time="0"/>
  <testcase classname="ru.sfedu.Test.model.beans.FilmTest" name="testTestGetNamePositive" time="0"/>
  <testcase classname="ru.sfedu.Test.model.beans.FilmTest" name="testTestGetNameNegative" time="0"/>
  <testcase classname="ru.sfedu.Test.model.beans.FilmTest" name="testTestHashCode" time="0"/>
  <testcase classname="ru.sfedu.Test.model.beans.FilmTest" name="testTestEqualsPositive" time="0"/>
  <testcase classname="ru.sfedu.Test.model.beans.FilmTest" name="testGetYearPositive" time="0"/>
</testsuite>